Using pre-set license
Built from '2021.3/staging' branch; Version is '2021.3.20f1 (577897200b8b) revision 5732503'; Using compiler version '192829333'; Build Type 'Release'
OS: 'Windows 10  (10.0.19044) 64bit Professional' Language: 'tr' Physical Memory: 16334 MB
BatchMode: 1, IsHumanControllingUs: 0, StartBugReporterOnCrash: 0, Is64bit: 1, IsPro: 1

COMMAND LINE ARGUMENTS:
C:\Program Files\Unity\Hub\Editor\2021.3.20f1\Editor\Unity.exe
-adb2
-batchMode
-noUpm
-name
AssetImportWorker2
-projectPath
C:/Users/celil/OneDrive/Belgeler/GitHub/Collector-Run/Collector-Run
-logFile
Logs/AssetImportWorker2.log
-srvPort
61006
Successfully changed project path to: C:/Users/celil/OneDrive/Belgeler/GitHub/Collector-Run/Collector-Run
C:/Users/celil/OneDrive/Belgeler/GitHub/Collector-Run/Collector-Run
[UnityMemory] Configuration Parameters - Can be set up in boot.config
    "memorysetup-bucket-allocator-granularity=16"
    "memorysetup-bucket-allocator-bucket-count=8"
    "memorysetup-bucket-allocator-block-size=33554432"
    "memorysetup-bucket-allocator-block-count=8"
    "memorysetup-main-allocator-block-size=16777216"
    "memorysetup-thread-allocator-block-size=16777216"
    "memorysetup-gfx-main-allocator-block-size=16777216"
    "memorysetup-gfx-thread-allocator-block-size=16777216"
    "memorysetup-cache-allocator-block-size=4194304"
    "memorysetup-typetree-allocator-block-size=2097152"
    "memorysetup-profiler-bucket-allocator-granularity=16"
    "memorysetup-profiler-bucket-allocator-bucket-count=8"
    "memorysetup-profiler-bucket-allocator-block-size=33554432"
    "memorysetup-profiler-bucket-allocator-block-count=8"
    "memorysetup-profiler-allocator-block-size=16777216"
    "memorysetup-profiler-editor-allocator-block-size=1048576"
    "memorysetup-temp-allocator-size-main=16777216"
    "memorysetup-job-temp-allocator-block-size=2097152"
    "memorysetup-job-temp-allocator-block-size-background=1048576"
    "memorysetup-job-temp-allocator-reduction-small-platforms=262144"
    "memorysetup-temp-allocator-size-background-worker=32768"
    "memorysetup-temp-allocator-size-job-worker=262144"
    "memorysetup-temp-allocator-size-preload-manager=33554432"
    "memorysetup-temp-allocator-size-nav-mesh-worker=65536"
    "memorysetup-temp-allocator-size-audio-worker=65536"
    "memorysetup-temp-allocator-size-cloud-worker=32768"
    "memorysetup-temp-allocator-size-gi-baking-worker=262144"
    "memorysetup-temp-allocator-size-gfx=262144"
Player connection [5760] Host "[IP] 192.168.1.64 [Port] 0 [Flags] 2 [Guid] 3054550975 [EditorId] 3054550975 [Version] 1048832 [Id] WindowsEditor(7,DESKTOP-HT1N6QB) [Debug] 1 [PackageName] WindowsEditor [ProjectName] Editor" joined multi-casting on [225.0.0.222:54997]...

Player connection [5760] Host "[IP] 192.168.1.64 [Port] 0 [Flags] 2 [Guid] 3054550975 [EditorId] 3054550975 [Version] 1048832 [Id] WindowsEditor(7,DESKTOP-HT1N6QB) [Debug] 1 [PackageName] WindowsEditor [ProjectName] Editor" joined alternative multi-casting on [225.0.0.222:34997]...

Refreshing native plugins compatible for Editor in 72.73 ms, found 3 plugins.
Preloading 0 native plugins for Editor in 0.00 ms.
Initialize engine version: 2021.3.20f1 (577897200b8b)
[Subsystems] Discovering subsystems at path C:/Program Files/Unity/Hub/Editor/2021.3.20f1/Editor/Data/Resources/UnitySubsystems
[Subsystems] Discovering subsystems at path C:/Users/celil/OneDrive/Belgeler/GitHub/Collector-Run/Collector-Run/Assets
GfxDevice: creating device client; threaded=0; jobified=0
Direct3D:
    Version:  Direct3D 11.0 [level 11.1]
    Renderer: Radeon RX 580 Series (ID=0x67df)
    Vendor:   ATI
    VRAM:     8170 MB
    Driver:   31.0.14037.1007
Initialize mono
Mono path[0] = 'C:/Program Files/Unity/Hub/Editor/2021.3.20f1/Editor/Data/Managed'
Mono path[1] = 'C:/Program Files/Unity/Hub/Editor/2021.3.20f1/Editor/Data/MonoBleedingEdge/lib/mono/unityjit-win32'
Mono config path = 'C:/Program Files/Unity/Hub/Editor/2021.3.20f1/Editor/Data/MonoBleedingEdge/etc'
Using monoOptions --debugger-agent=transport=dt_socket,embedding=1,server=y,suspend=n,address=127.0.0.1:56972
Begin MonoManager ReloadAssembly
Registering precompiled unity dll's ...
Register platform support module: C:/Program Files/Unity/Hub/Editor/2021.3.20f1/Editor/Data/PlaybackEngines/WebGLSupport/UnityEditor.WebGL.Extensions.dll
Register platform support module: C:/Program Files/Unity/Hub/Editor/2021.3.20f1/Editor/Data/PlaybackEngines/AndroidPlayer/UnityEditor.Android.Extensions.dll
Register platform support module: C:/Program Files/Unity/Hub/Editor/2021.3.20f1/Editor/Data/PlaybackEngines/WindowsStandaloneSupport/UnityEditor.WindowsStandalone.Extensions.dll
Registered in 0.008823 seconds.
Native extension for WindowsStandalone target not found
Native extension for Android target not found
Android Extension - Scanning For ADB Devices 212 ms
Native extension for WebGL target not found
Refreshing native plugins compatible for Editor in 71.36 ms, found 3 plugins.
Preloading 0 native plugins for Editor in 0.00 ms.
Mono: successfully reloaded assembly
- Completed reload, in  0.759 seconds
Domain Reload Profiling:
	ReloadAssembly (760ms)
		BeginReloadAssembly (72ms)
			ExecutionOrderSort (0ms)
			DisableScriptedObjects (0ms)
			BackupInstance (0ms)
			ReleaseScriptingObjects (0ms)
			CreateAndSetChildDomain (1ms)
		EndReloadAssembly (599ms)
			LoadAssemblies (70ms)
			RebuildTransferFunctionScriptingTraits (0ms)
			SetupTypeCache (88ms)
			ReleaseScriptCaches (0ms)
			RebuildScriptCaches (22ms)
			SetupLoadedEditorAssemblies (446ms)
				LogAssemblyErrors (0ms)
				InitializePlatformSupportModulesInManaged (269ms)
				SetLoadedEditorAssemblies (0ms)
				RefreshPlugins (71ms)
				BeforeProcessingInitializeOnLoad (1ms)
				ProcessInitializeOnLoadAttributes (72ms)
				ProcessInitializeOnLoadMethodAttributes (33ms)
				AfterProcessingInitializeOnLoad (0ms)
				EditorAssembliesLoaded (0ms)
			ExecutionOrderSort2 (0ms)
			AwakeInstancesAfterBackupRestoration (0ms)
Platform modules already initialized, skipping
Registering precompiled user dll's ...
Registered in 0.007413 seconds.
Begin MonoManager ReloadAssembly
Symbol file LoadedFromMemory doesn't match image C:\Users\celil\OneDrive\Belgeler\GitHub\Collector-Run\Collector-Run\Library\PackageCache\com.unity.visualscripting@1.8.0\Editor\VisualScripting.Core\Dependencies\YamlDotNet\Unity.VisualScripting.YamlDotNet.dll
Symbol file LoadedFromMemory doesn't match image C:\Users\celil\OneDrive\Belgeler\GitHub\Collector-Run\Collector-Run\Library\PackageCache\com.unity.visualscripting@1.8.0\Editor\VisualScripting.Core\Dependencies\DotNetZip\Unity.VisualScripting.IonicZip.dll
Native extension for WindowsStandalone target not found
Native extension for Android target not found
Native extension for WebGL target not found
Refreshing native plugins compatible for Editor in 0.54 ms, found 3 plugins.
Preloading 0 native plugins for Editor in 0.00 ms.
Mono: successfully reloaded assembly
- Completed reload, in  0.836 seconds
Domain Reload Profiling:
	ReloadAssembly (836ms)
		BeginReloadAssembly (99ms)
			ExecutionOrderSort (0ms)
			DisableScriptedObjects (5ms)
			BackupInstance (0ms)
			ReleaseScriptingObjects (0ms)
			CreateAndSetChildDomain (17ms)
		EndReloadAssembly (643ms)
			LoadAssemblies (75ms)
			RebuildTransferFunctionScriptingTraits (0ms)
			SetupTypeCache (214ms)
			ReleaseScriptCaches (1ms)
			RebuildScriptCaches (39ms)
			SetupLoadedEditorAssemblies (287ms)
				LogAssemblyErrors (0ms)
				InitializePlatformSupportModulesInManaged (16ms)
				SetLoadedEditorAssemblies (0ms)
				RefreshPlugins (1ms)
				BeforeProcessingInitializeOnLoad (73ms)
				ProcessInitializeOnLoadAttributes (174ms)
				ProcessInitializeOnLoadMethodAttributes (14ms)
				AfterProcessingInitializeOnLoad (8ms)
				EditorAssembliesLoaded (0ms)
			ExecutionOrderSort2 (0ms)
			AwakeInstancesAfterBackupRestoration (4ms)
Platform modules already initialized, skipping
========================================================================
Worker process is ready to serve import requests
Launched and connected shader compiler UnityShaderCompiler.exe after 0.03 seconds
Refreshing native plugins compatible for Editor in 0.53 ms, found 3 plugins.
Preloading 0 native plugins for Editor in 0.00 ms.
Unloading 3079 Unused Serialized files (Serialized files now loaded: 0)
Unloading 30 unused Assets / (113.9 KB). Loaded Objects now: 3549.
Memory consumption went from 108.6 MB to 108.5 MB.
Total: 2.503000 ms (FindLiveObjects: 0.244200 ms CreateObjectMapping: 0.089800 ms MarkObjects: 2.082100 ms  DeleteObjects: 0.085900 ms)

AssetImportParameters requested are different than current active one (requested -> active):
  custom:video-decoder-ogg-theora: a1e56fd34408186e4bbccfd4996cb3dc -> 
  custom:container-muxer-webm: aa71ff27fc2769a1b78a27578f13a17b -> 
  custom:container-demuxer-webm: 4f35f7cbe854078d1ac9338744f61a02 -> 
  custom:video-encoder-webm-vp8: eb34c28f22e8b96e1ab97ce403110664 -> 
  custom:video-codec-MediaFoundation-h265: e54d7ab0439102e2317fc1e4b246158d -> 
  custom:audio-encoder-webm-vorbis: bf7c407c2cedff20999df2af8eb42d56 -> 
  custom:framework-win-MediaFoundation: 216162199b28c13a410421893ffa2e32 -> 
  custom:container-demuxer-ogg: 62fdf1f143b41e24485cea50d1cbac27 -> 
  custom:video-decoder-webm-vp8: 9c59270c3fd7afecdb556c50c9e8de78 -> 
  custom:audio-decoder-ogg-vorbis: bf7c407c2cedff20999df2af8eb42d56 -> 
========================================================================
Received Import Request.
  Time since last request: 264812.452254 seconds.
  path: Assets/Scripts/Utils/GameInstaller.cs
  artifactKey: Guid(3582c4c92df245e4bbdaa53f359aeb3d) Importer(815301076,1909f56bfc062723c751e8b465ee728b)
Start importing Assets/Scripts/Utils/GameInstaller.cs using Guid(3582c4c92df245e4bbdaa53f359aeb3d) Importer(815301076,1909f56bfc062723c751e8b465ee728b)  -> (artifact id: '17874bf072bbc18896a7efdbebc0903a') in 0.023502 seconds 
========================================================================
Received Import Request.
  Time since last request: 838.756635 seconds.
  path: Assets/Resources/DOTweenSettings.asset
  artifactKey: Guid(2e35a63531d952b4ab4099a61c356d2d) Importer(815301076,1909f56bfc062723c751e8b465ee728b)
Start importing Assets/Resources/DOTweenSettings.asset using Guid(2e35a63531d952b4ab4099a61c356d2d) Importer(815301076,1909f56bfc062723c751e8b465ee728b)  -> (artifact id: '52519a4948d73d2a1d4432f16cb280e6') in 0.016026 seconds 
========================================================================
Received Import Request.
  Time since last request: 6.612879 seconds.
  path: Assets/Resources/BallPacks
  artifactKey: Guid(52f1f8d70a06e4f4da2096b12056400e) Importer(815301076,1909f56bfc062723c751e8b465ee728b)
Start importing Assets/Resources/BallPacks using Guid(52f1f8d70a06e4f4da2096b12056400e) Importer(815301076,1909f56bfc062723c751e8b465ee728b)  -> (artifact id: 'cb3388e96dc405522bd79b5dcf8d7585') in 0.002064 seconds 
========================================================================
Received Import Request.
  Time since last request: 0.045607 seconds.
  path: Assets/Resources/BallPacks/BallBackMixed.prefab
  artifactKey: Guid(54a7fd92254252648beeb07499d9d093) Importer(815301076,1909f56bfc062723c751e8b465ee728b)
Start importing Assets/Resources/BallPacks/BallBackMixed.prefab using Guid(54a7fd92254252648beeb07499d9d093) Importer(815301076,1909f56bfc062723c751e8b465ee728b)  -> (artifact id: 'f52c7b078bea40aa4547cca83009cc5a') in 0.147543 seconds 
========================================================================
Received Import Request.
  Time since last request: 65.011777 seconds.
  path: Assets/Scripts/Utils/PickerBase.cs
  artifactKey: Guid(68cd067b83ccd7f4981a8b064231a531) Importer(815301076,1909f56bfc062723c751e8b465ee728b)
Start importing Assets/Scripts/Utils/PickerBase.cs using Guid(68cd067b83ccd7f4981a8b064231a531) Importer(815301076,1909f56bfc062723c751e8b465ee728b)  -> (artifact id: '85bd29ab8adf752567670ac7966c1369') in 0.001747 seconds 
========================================================================
Received Import Request.
  Time since last request: 106.892761 seconds.
  path: Assets/Scripts/Utils/Bases
  artifactKey: Guid(188bc9cafc3c08b4bae6e097eb0a00fc) Importer(815301076,1909f56bfc062723c751e8b465ee728b)
Start importing Assets/Scripts/Utils/Bases using Guid(188bc9cafc3c08b4bae6e097eb0a00fc) Importer(815301076,1909f56bfc062723c751e8b465ee728b)  -> (artifact id: '8b2f9ad2c38818b18e3cb7d3a17af9a3') in 0.005797 seconds 
========================================================================
Received Import Request.
  Time since last request: 9.586449 seconds.
  path: Assets/Scripts/Managers/AssetManager.cs
  artifactKey: Guid(9373ea4834a1a0d4796c41bf66c1ce3c) Importer(815301076,1909f56bfc062723c751e8b465ee728b)
Start importing Assets/Scripts/Managers/AssetManager.cs using Guid(9373ea4834a1a0d4796c41bf66c1ce3c) Importer(815301076,1909f56bfc062723c751e8b465ee728b)  -> (artifact id: '5de416c25b58cbb1cee9f0ddf2fe2820') in 0.005484 seconds 
========================================================================
Received Import Request.
  Time since last request: 3.158678 seconds.
  path: Assets/Scripts/Utils/BallPackBase.cs
  artifactKey: Guid(90d397096a7079d49af5a18c3ec8dec0) Importer(815301076,1909f56bfc062723c751e8b465ee728b)
Start importing Assets/Scripts/Utils/BallPackBase.cs using Guid(90d397096a7079d49af5a18c3ec8dec0) Importer(815301076,1909f56bfc062723c751e8b465ee728b)  -> (artifact id: '42298aaa64603b398d18dda2ac5820bd') in 0.002258 seconds 
========================================================================
Received Import Request.
  Time since last request: 1.386068 seconds.
  path: Assets/Scripts/Utils/CollectableBase.cs
  artifactKey: Guid(9693807226089eb44a0d03433c2266d2) Importer(815301076,1909f56bfc062723c751e8b465ee728b)
Start importing Assets/Scripts/Utils/CollectableBase.cs using Guid(9693807226089eb44a0d03433c2266d2) Importer(815301076,1909f56bfc062723c751e8b465ee728b)  -> (artifact id: '6dd7a26f36442c8f2750baa726fb75e4') in 0.007196 seconds 
========================================================================
Received Import Request.
  Time since last request: 11.758413 seconds.
  path: Assets/Scripts/Game/PickerSystem/Managers
  artifactKey: Guid(53b01781016619844bb003e678589e70) Importer(815301076,1909f56bfc062723c751e8b465ee728b)
Start importing Assets/Scripts/Game/PickerSystem/Managers using Guid(53b01781016619844bb003e678589e70) Importer(815301076,1909f56bfc062723c751e8b465ee728b)  -> (artifact id: 'aa869d57ba38728068f9bcdeabb91f10') in 0.001889 seconds 
========================================================================
Received Import Request.
  Time since last request: 0.972829 seconds.
  path: Assets/Scripts/Game/PickerSystem/Managers/PickerPhysicsManager.cs
  artifactKey: Guid(83bdb66742b902741851f64e2d01a2fa) Importer(815301076,1909f56bfc062723c751e8b465ee728b)
Start importing Assets/Scripts/Game/PickerSystem/Managers/PickerPhysicsManager.cs using Guid(83bdb66742b902741851f64e2d01a2fa) Importer(815301076,1909f56bfc062723c751e8b465ee728b)  -> (artifact id: 'a54652c7ff8ee2115c05a997be766d29') in 0.005426 seconds 
========================================================================
Received Import Request.
  Time since last request: 9.893312 seconds.
  path: Assets/Scripts/Game/PickerSystem/Controllers
  artifactKey: Guid(c5c670eaf5ac39f4fab503724548a558) Importer(815301076,1909f56bfc062723c751e8b465ee728b)
Start importing Assets/Scripts/Game/PickerSystem/Controllers using Guid(c5c670eaf5ac39f4fab503724548a558) Importer(815301076,1909f56bfc062723c751e8b465ee728b)  -> (artifact id: '3fdfc88e3eaca4da85de4c3cb61eea80') in 0.005673 seconds 
========================================================================
Received Import Request.
  Time since last request: 1.383504 seconds.
  path: Assets/Scripts/Game/PickerSystem/Controllers/PickerMovementController.cs
  artifactKey: Guid(575c8ca675f3b5441a28b5e0232f7fa3) Importer(815301076,1909f56bfc062723c751e8b465ee728b)
Start importing Assets/Scripts/Game/PickerSystem/Controllers/PickerMovementController.cs using Guid(575c8ca675f3b5441a28b5e0232f7fa3) Importer(815301076,1909f56bfc062723c751e8b465ee728b)  -> (artifact id: 'f3fcd80046cb915a8c425538f5b645bb') in 0.005816 seconds 
========================================================================
Received Import Request.
  Time since last request: 0.594908 seconds.
  path: Assets/Scripts/Game/PickerSystem/Controllers/PickerPhysicsController.cs
  artifactKey: Guid(e8112f76773ecf64a866d598dcfc1f06) Importer(815301076,1909f56bfc062723c751e8b465ee728b)
Start importing Assets/Scripts/Game/PickerSystem/Controllers/PickerPhysicsController.cs using Guid(e8112f76773ecf64a866d598dcfc1f06) Importer(815301076,1909f56bfc062723c751e8b465ee728b)  -> (artifact id: '15716e47ccaa47dfb756bcb6bad61bf7') in 0.002287 seconds 
========================================================================
Received Import Request.
  Time since last request: 328.496745 seconds.
  path: Assets/Scripts/GameEvents
  artifactKey: Guid(d34713bf3df411d4bab38648a92ba0f7) Importer(815301076,1909f56bfc062723c751e8b465ee728b)
Start importing Assets/Scripts/GameEvents using Guid(d34713bf3df411d4bab38648a92ba0f7) Importer(815301076,1909f56bfc062723c751e8b465ee728b)  -> (artifact id: 'c63791a871850d3c99e99acd7c4f43a5') in 0.006260 seconds 
========================================================================
Received Import Request.
  Time since last request: 511.791365 seconds.
  path: Assets/Scripts/Game
  artifactKey: Guid(aac8f30773a417343bca367795f589e5) Importer(815301076,1909f56bfc062723c751e8b465ee728b)
Start importing Assets/Scripts/Game using Guid(aac8f30773a417343bca367795f589e5) Importer(815301076,1909f56bfc062723c751e8b465ee728b)  -> (artifact id: '5a802a9051666d4d52efb422e4d27ecb') in 0.006763 seconds 
========================================================================
Received Import Request.
  Time since last request: 5.569445 seconds.
  path: Assets/Resources/PlatformPrefabs/CheckPointPlatform.prefab
  artifactKey: Guid(470c484d1bc110043a57a705169d22e5) Importer(815301076,1909f56bfc062723c751e8b465ee728b)
Start importing Assets/Resources/PlatformPrefabs/CheckPointPlatform.prefab using Guid(470c484d1bc110043a57a705169d22e5) Importer(815301076,1909f56bfc062723c751e8b465ee728b)  -> (artifact id: '357965028a4f16bf0af7f78df6d7d203') in 0.021564 seconds 
========================================================================
Received Import Request.
  Time since last request: 1070.559784 seconds.
  path: Assets/Scripts/Extenders/Pool.cs
  artifactKey: Guid(c4ddbdb1f5841ed4abefe61608e9bb17) Importer(815301076,1909f56bfc062723c751e8b465ee728b)
Start importing Assets/Scripts/Extenders/Pool.cs using Guid(c4ddbdb1f5841ed4abefe61608e9bb17) Importer(815301076,1909f56bfc062723c751e8b465ee728b)  -> (artifact id: '32eca1b73f0ab035dc6b1347b2436e1e') in 0.005899 seconds 
========================================================================
Received Import Request.
  Time since last request: 129.198272 seconds.
  path: Assets/Scripts/Game/PlatformSystem
  artifactKey: Guid(a1b7703c5c0fa504eb22d17b98e82206) Importer(815301076,1909f56bfc062723c751e8b465ee728b)
Start importing Assets/Scripts/Game/PlatformSystem using Guid(a1b7703c5c0fa504eb22d17b98e82206) Importer(815301076,1909f56bfc062723c751e8b465ee728b)  -> (artifact id: '75067137e5568bb25fb6d6eefd74ffa0') in 0.006293 seconds 
========================================================================
Received Import Request.
  Time since last request: 760.198959 seconds.
  path: Assets/Scripts/Game/PlatformSystem/PlatformTypes
  artifactKey: Guid(bea48161640cf1e499c99d92cb957222) Importer(815301076,1909f56bfc062723c751e8b465ee728b)
Start importing Assets/Scripts/Game/PlatformSystem/PlatformTypes using Guid(bea48161640cf1e499c99d92cb957222) Importer(815301076,1909f56bfc062723c751e8b465ee728b)  -> (artifact id: '8465312088c8e01b4983e5b05a958092') in 0.006231 seconds 
========================================================================
Received Import Request.
  Time since last request: 1.308624 seconds.
  path: Assets/Scripts/Game/PlatformSystem/CheckPoint.cs
  artifactKey: Guid(87311d30fd129824883fe1c3d28a2238) Importer(815301076,1909f56bfc062723c751e8b465ee728b)
Start importing Assets/Scripts/Game/PlatformSystem/CheckPoint.cs using Guid(87311d30fd129824883fe1c3d28a2238) Importer(815301076,1909f56bfc062723c751e8b465ee728b)  -> (artifact id: '19cae6180cda3b4648574f51288b0402') in 0.005609 seconds 
========================================================================
Received Prepare
Registering precompiled user dll's ...
Registered in 0.006740 seconds.
Begin MonoManager ReloadAssembly
Symbol file LoadedFromMemory doesn't match image C:\Users\celil\OneDrive\Belgeler\GitHub\Collector-Run\Collector-Run\Library\PackageCache\com.unity.visualscripting@1.8.0\Editor\VisualScripting.Core\Dependencies\YamlDotNet\Unity.VisualScripting.YamlDotNet.dll
Symbol file LoadedFromMemory doesn't match image C:\Users\celil\OneDrive\Belgeler\GitHub\Collector-Run\Collector-Run\Library\PackageCache\com.unity.visualscripting@1.8.0\Editor\VisualScripting.Core\Dependencies\DotNetZip\Unity.VisualScripting.IonicZip.dll
Native extension for WindowsStandalone target not found
Native extension for Android target not found
Native extension for WebGL target not found
Refreshing native plugins compatible for Editor in 0.55 ms, found 3 plugins.
Preloading 0 native plugins for Editor in 0.00 ms.
Mono: successfully reloaded assembly
- Completed reload, in  0.980 seconds
Domain Reload Profiling:
	ReloadAssembly (981ms)
		BeginReloadAssembly (218ms)
			ExecutionOrderSort (0ms)
			DisableScriptedObjects (9ms)
			BackupInstance (0ms)
			ReleaseScriptingObjects (0ms)
			CreateAndSetChildDomain (78ms)
		EndReloadAssembly (662ms)
			LoadAssemblies (106ms)
			RebuildTransferFunctionScriptingTraits (0ms)
			SetupTypeCache (261ms)
			ReleaseScriptCaches (1ms)
			RebuildScriptCaches (34ms)
			SetupLoadedEditorAssemblies (251ms)
				LogAssemblyErrors (0ms)
				InitializePlatformSupportModulesInManaged (17ms)
				SetLoadedEditorAssemblies (0ms)
				RefreshPlugins (1ms)
				BeforeProcessingInitializeOnLoad (58ms)
				ProcessInitializeOnLoadAttributes (151ms)
				ProcessInitializeOnLoadMethodAttributes (15ms)
				AfterProcessingInitializeOnLoad (8ms)
				EditorAssembliesLoaded (0ms)
			ExecutionOrderSort2 (0ms)
			AwakeInstancesAfterBackupRestoration (5ms)
Platform modules already initialized, skipping
Refreshing native plugins compatible for Editor in 2.71 ms, found 3 plugins.
Preloading 0 native plugins for Editor in 0.00 ms.
Unloading 3094 Unused Serialized files (Serialized files now loaded: 0)
Unloading 39 unused Assets / (0.7 MB). Loaded Objects now: 3571.
Memory consumption went from 115.3 MB to 114.5 MB.
Total: 3.253400 ms (FindLiveObjects: 0.265100 ms CreateObjectMapping: 0.074300 ms MarkObjects: 2.503400 ms  DeleteObjects: 0.409600 ms)

AssetImportParameters requested are different than current active one (requested -> active):
  custom:video-decoder-ogg-theora: a1e56fd34408186e4bbccfd4996cb3dc -> 
  custom:container-muxer-webm: aa71ff27fc2769a1b78a27578f13a17b -> 
  custom:container-demuxer-webm: 4f35f7cbe854078d1ac9338744f61a02 -> 
  custom:video-encoder-webm-vp8: eb34c28f22e8b96e1ab97ce403110664 -> 
  custom:video-codec-MediaFoundation-h265: e54d7ab0439102e2317fc1e4b246158d -> 
  custom:audio-encoder-webm-vorbis: bf7c407c2cedff20999df2af8eb42d56 -> 
  custom:framework-win-MediaFoundation: 216162199b28c13a410421893ffa2e32 -> 
  custom:container-demuxer-ogg: 62fdf1f143b41e24485cea50d1cbac27 -> 
  custom:video-decoder-webm-vp8: 9c59270c3fd7afecdb556c50c9e8de78 -> 
  custom:audio-decoder-ogg-vorbis: bf7c407c2cedff20999df2af8eb42d56 -> 
========================================================================
Received Import Request.
  Time since last request: 417.453775 seconds.
  path: Assets/Models/PickerModel.obj
  artifactKey: Guid(03fbbbd7e76c72b4c9f486edbd419178) Importer(815301076,1909f56bfc062723c751e8b465ee728b)
Start importing Assets/Models/PickerModel.obj using Guid(03fbbbd7e76c72b4c9f486edbd419178) Importer(815301076,1909f56bfc062723c751e8b465ee728b)  -> (artifact id: '93c21e188d12839a2acf51580760c799') in 0.120913 seconds 
========================================================================
Received Import Request.
  Time since last request: 0.000023 seconds.
  path: Assets/TextMesh Pro/Resources/Fonts & Materials/LiberationSans SDF - Fallback.asset
  artifactKey: Guid(2e498d1c8094910479dc3e1b768306a4) Importer(815301076,1909f56bfc062723c751e8b465ee728b)
Start importing Assets/TextMesh Pro/Resources/Fonts & Materials/LiberationSans SDF - Fallback.asset using Guid(2e498d1c8094910479dc3e1b768306a4) Importer(815301076,1909f56bfc062723c751e8b465ee728b)  -> (artifact id: '75c03ef0685716eb49c849513d3fc62c') in 0.076121 seconds 
Editor requested this worker to shutdown with reason: Scaling down because of idle timeout
AssetImportWorker is now disconnected from the server
Process exiting
Exiting without the bug reporter. Application will terminate with return code 0